\BOOKMARK [1][-]{section*.2}{\376\377\000I\000n\000t\000r\000o\000d\000u\000c\000t\000i\000o\000n}{}% 1
\BOOKMARK [2][-]{section*.3}{\376\377\000B\000a\000c\000k\000g\000r\000o\000u\000n\000d}{section*.2}% 2
\BOOKMARK [2][-]{section*.4}{\376\377\000T\000e\000c\000h\000n\000i\000c\000a\000l\000\040\000I\000n\000t\000e\000r\000a\000c\000t\000i\000o\000n\000s\000\040\000i\000n\000\040\000M\000u\000l\000t\000i\000s\000p\000e\000c\000i\000e\000s\000\040\000F\000i\000s\000h\000e\000r\000i\000e\000s}{section*.2}% 3
\BOOKMARK [2][-]{section*.5}{\376\377\000A\000s\000s\000e\000s\000s\000\040\000a\000n\000d\000\040\000A\000v\000o\000i\000d}{section*.2}% 4
\BOOKMARK [2][-]{section*.6}{\376\377\000S\000t\000u\000d\000y\000\040\000S\000y\000s\000t\000e\000m}{section*.2}% 5
\BOOKMARK [1][-]{section*.7}{\376\377\000C\000h\000a\000p\000t\000e\000r\000\040\0001\000:\000\040\000E\000s\000t\000i\000m\000a\000t\000i\000n\000g\000\040\000C\000o\000a\000s\000t\000w\000i\000d\000e\000\040\000A\000b\000u\000n\000d\000a\000n\000c\000e\000\040\000a\000n\000d\000\040\000P\000r\000o\000d\000u\000c\000t\000i\000v\000i\000t\000y\000\040\000i\000n\000\040\000a\000\040\000M\000u\000l\000t\000i\000s\000p\000e\000c\000i\000e\000s\000\040\000G\000r\000o\000u\000n\000d\000f\000i\000s\000h\000\040\000F\000i\000s\000h\000e\000r\000y\000\040\000v\000i\000a\000\040\000a\000\040\000H\000i\000e\000r\000a\000r\000c\000h\000i\000c\000a\000l\000\040\000S\000t\000o\000c\000k\000\040\000A\000s\000s\000e\000s\000s\000m\000e\000n\000t\000\040\000M\000o\000d\000e\000l}{}% 6
\BOOKMARK [2][-]{section*.8}{\376\377\000B\000a\000c\000k\000g\000r\000o\000u\000n\000d}{section*.7}% 7
\BOOKMARK [2][-]{section*.9}{\376\377\000M\000e\000t\000h\000o\000d\000s}{section*.7}% 8
\BOOKMARK [2][-]{section*.10}{\376\377\000E\000x\000p\000e\000c\000t\000e\000d\000\040\000R\000e\000s\000u\000l\000t\000s}{section*.7}% 9
\BOOKMARK [1][-]{section*.11}{\376\377\000C\000h\000a\000p\000t\000e\000r\000\040\0002\000:\000\040\000A\000d\000d\000i\000n\000g\000\040\000M\000u\000l\000t\000i\000s\000t\000o\000c\000k\000\040\000S\000t\000r\000u\000c\000t\000u\000r\000e\000\040\000t\000o\000\040\000M\000u\000l\000t\000i\000s\000p\000e\000c\000i\000e\000s\000\040\000H\000i\000e\000r\000a\000r\000c\000h\000i\000c\000a\000l\000\040\000S\000t\000o\000c\000k\000\040\000A\000s\000s\000e\000s\000s\000m\000e\000n\000t\000\040\000M\000o\000d\000e\000l\000s}{}% 10
\BOOKMARK [2][-]{section*.12}{\376\377\000B\000a\000c\000k\000g\000r\000o\000u\000n\000d}{section*.11}% 11
\BOOKMARK [2][-]{section*.13}{\376\377\000M\000e\000t\000h\000o\000d\000s}{section*.11}% 12
\BOOKMARK [2][-]{section*.14}{\376\377\000E\000x\000p\000e\000c\000t\000e\000d\000\040\000R\000e\000s\000u\000l\000t\000s}{section*.11}% 13
\BOOKMARK [1][-]{section*.15}{\376\377\000C\000h\000a\000p\000t\000e\000r\000\040\0003\000:\000\040\000P\000e\000r\000f\000o\000r\000m\000a\000n\000c\000e\000\040\000o\000f\000\040\000a\000\040\000M\000a\000n\000a\000g\000e\000m\000e\000n\000t\000\040\000P\000r\000o\000c\000e\000d\000u\000r\000e\000\040\000U\000s\000i\000n\000g\000\040\000a\000n\000\040\000H\000i\000e\000r\000a\000r\000c\000h\000i\000c\000a\000l\000\040\000S\000t\000o\000c\000k\000\040\000A\000s\000s\000e\000s\000s\000m\000e\000n\000t\000\040\000M\000o\000d\000e\000l\000\040\000f\000o\000r\000\040\000a\000\040\000M\000u\000l\000t\000i\000s\000p\000e\000c\000i\000e\000s\000\040\000G\000r\000o\000u\000n\000d\000f\000i\000s\000h\000\040\000F\000i\000s\000h\000e\000r\000y}{}% 14
\BOOKMARK [2][-]{section*.16}{\376\377\000B\000a\000c\000k\000g\000r\000o\000u\000n\000d}{section*.15}% 15
\BOOKMARK [2][-]{section*.17}{\376\377\000M\000e\000t\000h\000o\000d\000s}{section*.15}% 16
\BOOKMARK [2][-]{section*.18}{\376\377\000E\000x\000p\000e\000c\000t\000e\000d\000\040\000R\000e\000s\000u\000l\000t\000s}{section*.15}% 17
\BOOKMARK [1][-]{section*.19}{\376\377\000C\000h\000a\000p\000t\000e\000r\000\040\0004\000:\000\040\000A\000v\000o\000i\000d\000i\000n\000g\000\040\000n\000o\000n\000-\000t\000a\000r\000g\000e\000t\000\040\000s\000p\000e\000c\000i\000e\000s\000.}{}% 18
\BOOKMARK [2][-]{section*.20}{\376\377\000I\000n\000t\000r\000o\000d\000u\000c\000t\000i\000o\000n}{section*.19}% 19
\BOOKMARK [2][-]{section*.21}{\376\377\000M\000e\000t\000h\000o\000d\000s}{section*.19}% 20
\BOOKMARK [2][-]{section*.22}{\376\377\000E\000x\000p\000e\000c\000t\000e\000d\000\040\000R\000e\000s\000u\000l\000t\000s}{section*.19}% 21
\BOOKMARK [1][-]{section*.23}{\376\377\000C\000o\000n\000c\000l\000u\000s\000i\000o\000n\000s}{}% 22
\BOOKMARK [2][-]{section*.24}{\376\377\000R\000e\000s\000o\000u\000r\000c\000e\000\040\000a\000l\000l\000o\000c\000a\000t\000i\000o\000n\000\040\000i\000m\000p\000r\000o\000v\000e\000m\000e\000n\000t\000\040\000\050\000t\000a\000k\000e\000n\000\040\000f\000r\000o\000m\000\040\000i\000n\000t\000r\000o\000\051}{section*.23}% 23
\BOOKMARK [1][-]{section*.25}{\376\377\000B\000i\000b\000l\000o\000g\000r\000a\000p\000h\000y}{}% 24
